TAP version 13
# node:internal/modules/esm/resolve:274
#     throw new ERR_MODULE_NOT_FOUND(
#           ^
# Error [ERR_MODULE_NOT_FOUND]: Cannot find module 'D:\\RioRaditya\\Ngoding\\hiring-seefluencer\\project-e-course\\src\\components\\student\\paywall-teaser-overlay' imported from D:\\RioRaditya\\Ngoding\\hiring-seefluencer\\project-e-course\\src\\components\\student\\paywall-teaser-overlay.test.ts
#     at finalizeResolution (node:internal/modules/esm/resolve:274:11)
#     at moduleResolve (node:internal/modules/esm/resolve:859:10)
#     at defaultResolve (node:internal/modules/esm/resolve:983:11)
#     at ModuleLoader.defaultResolve (node:internal/modules/esm/loader:783:12)
#     at \#cachedDefaultResolve (node:internal/modules/esm/loader:707:25)
#     at ModuleLoader.resolve (node:internal/modules/esm/loader:690:38)
#     at ModuleLoader.getModuleJobForImport (node:internal/modules/esm/loader:307:38)
#     at ModuleJob._link (node:internal/modules/esm/module_job:183:49) {
#   code: 'ERR_MODULE_NOT_FOUND',
#   url: 'file:///D:/RioRaditya/Ngoding/hiring-seefluencer/project-e-course/src/components/student/paywall-teaser-overlay'
# }
# Node.js v22.18.0
# Subtest: src\\components\\student\\paywall-teaser-overlay.test.ts
not ok 1 - src\\components\\student\\paywall-teaser-overlay.test.ts
  ---
  duration_ms: 192.022
  type: 'test'
  location: 'D:\\RioRaditya\\Ngoding\\hiring-seefluencer\\project-e-course\\src\\components\\student\\paywall-teaser-overlay.test.ts:1:1'
  failureType: 'testCodeFailure'
  exitCode: 1
  signal: ~
  error: 'test failed'
  code: 'ERR_TEST_FAILURE'
  ...
1..1
# tests 1
# suites 0
# pass 0
# fail 1
# cancelled 0
# skipped 0
# todo 0
# duration_ms 202.0022
